2020-11-17 11:05:16 [task-1] DEBUG org.hibernate.type.BasicTypeRegistry ---
				Adding type registration url -> org.hibernate.type.UrlType@75d21b90
2020-11-17 11:05:16 [task-1] DEBUG org.hibernate.type.BasicTypeRegistry ---
				Adding type registration java.net.URL -> org.hibernate.type.UrlType@75d21b90
2020-11-17 11:05:16 [task-1] DEBUG org.hibernate.type.BasicTypeRegistry ---
				Adding type registration Duration -> org.hibernate.type.DurationType@433783c
2020-11-17 11:05:16 [task-1] DEBUG org.hibernate.type.BasicTypeRegistry ---
				Adding type registration java.time.Duration -> org.hibernate.type.DurationType@433783c
2020-11-17 11:05:16 [task-1] DEBUG org.hibernate.type.BasicTypeRegistry ---
				Adding type registration Instant -> org.hibernate.type.InstantType@147b9d92
2020-11-17 11:05:16 [task-1] DEBUG org.hibernate.type.BasicTypeRegistry ---
				Adding type registration java.time.Instant -> org.hibernate.type.InstantType@147b9d92
2020-11-17 11:05:16 [task-1] DEBUG org.hibernate.type.BasicTypeRegistry ---
				Adding type registration LocalDateTime -> org.hibernate.type.LocalDateTimeType@2db303c9
2020-11-17 11:05:16 [task-1] DEBUG org.hibernate.type.BasicTypeRegistry ---
				Adding type registration java.time.LocalDateTime -> org.hibernate.type.LocalDateTimeType@2db303c9
2020-11-17 11:05:16 [task-1] DEBUG org.hibernate.type.BasicTypeRegistry ---
				Adding type registration LocalDate -> org.hibernate.type.LocalDateType@10053a0c
2020-11-17 11:05:16 [task-1] DEBUG org.hibernate.type.BasicTypeRegistry ---
				Adding type registration java.time.LocalDate -> org.hibernate.type.LocalDateType@10053a0c
2020-11-17 11:05:16 [task-1] DEBUG org.hibernate.type.BasicTypeRegistry ---
				Adding type registration LocalTime -> org.hibernate.type.LocalTimeType@21f92869
2020-11-17 11:05:16 [task-1] DEBUG org.hibernate.type.BasicTypeRegistry ---
				Adding type registration java.time.LocalTime -> org.hibernate.type.LocalTimeType@21f92869
2020-11-17 11:05:16 [task-1] DEBUG org.hibernate.type.BasicTypeRegistry ---
				Adding type registration OffsetDateTime -> org.hibernate.type.OffsetDateTimeType@26a620e8
2020-11-17 11:05:16 [task-1] DEBUG org.hibernate.type.BasicTypeRegistry ---
				Adding type registration java.time.OffsetDateTime -> org.hibernate.type.OffsetDateTimeType@26a620e8
2020-11-17 11:05:16 [task-1] DEBUG org.hibernate.type.BasicTypeRegistry ---
				Adding type registration OffsetTime -> org.hibernate.type.OffsetTimeType@5db72dc9
2020-11-17 11:05:16 [task-1] DEBUG org.hibernate.type.BasicTypeRegistry ---
				Adding type registration java.time.OffsetTime -> org.hibernate.type.OffsetTimeType@5db72dc9
2020-11-17 11:05:16 [task-1] DEBUG org.hibernate.type.BasicTypeRegistry ---
				Adding type registration ZonedDateTime -> org.hibernate.type.ZonedDateTimeType@3897eb5
2020-11-17 11:05:16 [task-1] DEBUG org.hibernate.type.BasicTypeRegistry ---
				Adding type registration java.time.ZonedDateTime -> org.hibernate.type.ZonedDateTimeType@3897eb5
2020-11-17 11:05:16 [task-1] DEBUG org.hibernate.type.BasicTypeRegistry ---
				Adding type registration date -> org.hibernate.type.DateType@400e6cd7
2020-11-17 11:05:16 [task-1] DEBUG org.hibernate.type.BasicTypeRegistry ---
				Adding type registration java.sql.Date -> org.hibernate.type.DateType@400e6cd7
2020-11-17 11:05:16 [task-1] DEBUG org.hibernate.type.BasicTypeRegistry ---
				Adding type registration time -> org.hibernate.type.TimeType@5968ed22
2020-11-17 11:05:16 [task-1] DEBUG org.hibernate.type.BasicTypeRegistry ---
				Adding type registration java.sql.Time -> org.hibernate.type.TimeType@5968ed22
2020-11-17 11:05:16 [task-1] DEBUG org.hibernate.type.BasicTypeRegistry ---
				Adding type registration timestamp -> org.hibernate.type.TimestampType@d663639
2020-11-17 11:05:16 [task-1] DEBUG org.hibernate.type.BasicTypeRegistry ---
				Adding type registration java.sql.Timestamp -> org.hibernate.type.TimestampType@d663639
2020-11-17 11:05:16 [task-1] DEBUG org.hibernate.type.BasicTypeRegistry ---
				Adding type registration java.util.Date -> org.hibernate.type.TimestampType@d663639
2020-11-17 11:05:16 [task-1] DEBUG org.hibernate.type.BasicTypeRegistry ---
				Adding type registration dbtimestamp -> org.hibernate.type.DbTimestampType@3c486546
2020-11-17 11:05:16 [task-1] DEBUG org.hibernate.type.BasicTypeRegistry ---
				Adding type registration calendar -> org.hibernate.type.CalendarType@26e8d8f
2020-11-17 11:05:16 [task-1] DEBUG org.hibernate.type.BasicTypeRegistry ---
				Adding type registration java.util.Calendar -> org.hibernate.type.CalendarType@26e8d8f
2020-11-17 11:05:16 [task-1] DEBUG org.hibernate.type.BasicTypeRegistry ---
				Adding type registration java.util.GregorianCalendar -> org.hibernate.type.CalendarType@26e8d8f
2020-11-17 11:05:16 [task-1] DEBUG org.hibernate.type.BasicTypeRegistry ---
				Adding type registration calendar_date -> org.hibernate.type.CalendarDateType@7a0b9efb
2020-11-17 11:05:16 [task-1] DEBUG org.hibernate.type.BasicTypeRegistry ---
				Adding type registration calendar_time -> org.hibernate.type.CalendarTimeType@5ae2942a
2020-11-17 11:05:16 [task-1] DEBUG org.hibernate.type.BasicTypeRegistry ---
				Adding type registration locale -> org.hibernate.type.LocaleType@52612d75
2020-11-17 11:05:16 [task-1] DEBUG org.hibernate.type.BasicTypeRegistry ---
				Adding type registration java.util.Locale -> org.hibernate.type.LocaleType@52612d75
2020-11-17 11:05:16 [task-1] DEBUG org.hibernate.type.BasicTypeRegistry ---
				Adding type registration currency -> org.hibernate.type.CurrencyType@793810d7
2020-11-17 11:05:16 [task-1] DEBUG org.hibernate.type.BasicTypeRegistry ---
				Adding type registration java.util.Currency -> org.hibernate.type.CurrencyType@793810d7
2020-11-17 11:05:16 [task-1] DEBUG org.hibernate.type.BasicTypeRegistry ---
				Adding type registration timezone -> org.hibernate.type.TimeZoneType@58c1bd3a
2020-11-17 11:05:16 [task-1] DEBUG org.hibernate.type.BasicTypeRegistry ---
				Adding type registration java.util.TimeZone -> org.hibernate.type.TimeZoneType@58c1bd3a
2020-11-17 11:05:16 [task-1] DEBUG org.hibernate.type.BasicTypeRegistry ---
				Adding type registration class -> org.hibernate.type.ClassType@2fc685d8
2020-11-17 11:05:16 [task-1] DEBUG org.hibernate.type.BasicTypeRegistry ---
				Adding type registration java.lang.Class -> org.hibernate.type.ClassType@2fc685d8
2020-11-17 11:05:16 [task-1] DEBUG org.hibernate.type.BasicTypeRegistry ---
				Adding type registration uuid-binary -> org.hibernate.type.UUIDBinaryType@f84a6e8
2020-11-17 11:05:16 [task-1] DEBUG org.hibernate.type.BasicTypeRegistry ---
				Adding type registration java.util.UUID -> org.hibernate.type.UUIDBinaryType@f84a6e8
2020-11-17 11:05:16 [task-1] DEBUG org.hibernate.type.BasicTypeRegistry ---
				Adding type registration uuid-char -> org.hibernate.type.UUIDCharType@45779004
2020-11-17 11:05:16 [task-1] DEBUG org.hibernate.type.BasicTypeRegistry ---
				Adding type registration binary -> org.hibernate.type.BinaryType@139548f7
2020-11-17 11:05:16 [task-1] DEBUG org.hibernate.type.BasicTypeRegistry ---
				Adding type registration byte[] -> org.hibernate.type.BinaryType@139548f7
2020-11-17 11:05:16 [task-1] DEBUG org.hibernate.type.BasicTypeRegistry ---
				Adding type registration [B -> org.hibernate.type.BinaryType@139548f7
2020-11-17 11:05:16 [task-1] DEBUG org.hibernate.type.BasicTypeRegistry ---
				Adding type registration wrapper-binary -> org.hibernate.type.WrapperBinaryType@1c18e717
2020-11-17 11:05:16 [task-1] DEBUG org.hibernate.type.BasicTypeRegistry ---
				Adding type registration Byte[] -> org.hibernate.type.WrapperBinaryType@1c18e717
2020-11-17 11:05:16 [task-1] DEBUG org.hibernate.type.BasicTypeRegistry ---
				Adding type registration [Ljava.lang.Byte; -> org.hibernate.type.WrapperBinaryType@1c18e717
2020-11-17 11:05:16 [task-1] DEBUG org.hibernate.type.BasicTypeRegistry ---
				Adding type registration row_version -> org.hibernate.type.RowVersionType@1b95b93
2020-11-17 11:05:16 [task-1] DEBUG org.hibernate.type.BasicTypeRegistry ---
				Adding type registration image -> org.hibernate.type.ImageType@13792e4a
2020-11-17 11:05:16 [task-1] DEBUG org.hibernate.type.BasicTypeRegistry ---
				Adding type registration characters -> org.hibernate.type.CharArrayType@12087c04
2020-11-17 11:05:16 [task-1] DEBUG org.hibernate.type.BasicTypeRegistry ---
				Adding type registration char[] -> org.hibernate.type.CharArrayType@12087c04
2020-11-17 11:05:16 [task-1] DEBUG org.hibernate.type.BasicTypeRegistry ---
				Adding type registration [C -> org.hibernate.type.CharArrayType@12087c04
2020-11-17 11:05:16 [task-1] DEBUG org.hibernate.type.BasicTypeRegistry ---
				Adding type registration wrapper-characters -> org.hibernate.type.CharacterArrayType@4bc099a9
2020-11-17 11:05:16 [task-1] DEBUG org.hibernate.type.BasicTypeRegistry ---
				Adding type registration [Ljava.lang.Character; -> org.hibernate.type.CharacterArrayType@4bc099a9
2020-11-17 11:05:16 [task-1] DEBUG org.hibernate.type.BasicTypeRegistry ---
				Adding type registration Character[] -> org.hibernate.type.CharacterArrayType@4bc099a9
2020-11-17 11:05:16 [task-1] DEBUG org.hibernate.type.BasicTypeRegistry ---
				Adding type registration text -> org.hibernate.type.TextType@45d505bf
2020-11-17 11:05:16 [task-1] DEBUG org.hibernate.type.BasicTypeRegistry ---
				Adding type registration ntext -> org.hibernate.type.NTextType@4d4be8ad
2020-11-17 11:05:16 [task-1] DEBUG org.hibernate.type.BasicTypeRegistry ---
				Adding type registration blob -> org.hibernate.type.BlobType@3ed24bdc
2020-11-17 11:05:16 [task-1] DEBUG org.hibernate.type.BasicTypeRegistry ---
				Adding type registration java.sql.Blob -> org.hibernate.type.BlobType@3ed24bdc
2020-11-17 11:05:16 [task-1] DEBUG org.hibernate.type.BasicTypeRegistry ---
				Adding type registration materialized_blob -> org.hibernate.type.MaterializedBlobType@54869407
2020-11-17 11:05:16 [task-1] DEBUG org.hibernate.type.BasicTypeRegistry ---
				Adding type registration clob -> org.hibernate.type.ClobType@194e3429
2020-11-17 11:05:16 [task-1] DEBUG org.hibernate.type.BasicTypeRegistry ---
				Adding type registration java.sql.Clob -> org.hibernate.type.ClobType@194e3429
2020-11-17 11:05:16 [task-1] DEBUG org.hibernate.type.BasicTypeRegistry ---
				Adding type registration nclob -> org.hibernate.type.NClobType@18392933
