2020-11-17 11:05:48 [task-1] DEBUG org.hibernate.type.BasicTypeRegistry ---
				Adding type registration url -> org.hibernate.type.UrlType@45fac561
2020-11-17 11:05:48 [task-1] DEBUG org.hibernate.type.BasicTypeRegistry ---
				Adding type registration java.net.URL -> org.hibernate.type.UrlType@45fac561
2020-11-17 11:05:48 [task-1] DEBUG org.hibernate.type.BasicTypeRegistry ---
				Adding type registration Duration -> org.hibernate.type.DurationType@6db5bb5e
2020-11-17 11:05:48 [task-1] DEBUG org.hibernate.type.BasicTypeRegistry ---
				Adding type registration java.time.Duration -> org.hibernate.type.DurationType@6db5bb5e
2020-11-17 11:05:48 [task-1] DEBUG org.hibernate.type.BasicTypeRegistry ---
				Adding type registration Instant -> org.hibernate.type.InstantType@2a34c3fb
2020-11-17 11:05:48 [task-1] DEBUG org.hibernate.type.BasicTypeRegistry ---
				Adding type registration java.time.Instant -> org.hibernate.type.InstantType@2a34c3fb
2020-11-17 11:05:48 [task-1] DEBUG org.hibernate.type.BasicTypeRegistry ---
				Adding type registration LocalDateTime -> org.hibernate.type.LocalDateTimeType@92688ca
2020-11-17 11:05:48 [task-1] DEBUG org.hibernate.type.BasicTypeRegistry ---
				Adding type registration java.time.LocalDateTime -> org.hibernate.type.LocalDateTimeType@92688ca
2020-11-17 11:05:48 [task-1] DEBUG org.hibernate.type.BasicTypeRegistry ---
				Adding type registration LocalDate -> org.hibernate.type.LocalDateType@402c8
2020-11-17 11:05:48 [task-1] DEBUG org.hibernate.type.BasicTypeRegistry ---
				Adding type registration java.time.LocalDate -> org.hibernate.type.LocalDateType@402c8
2020-11-17 11:05:48 [task-1] DEBUG org.hibernate.type.BasicTypeRegistry ---
				Adding type registration LocalTime -> org.hibernate.type.LocalTimeType@7ed229cd
2020-11-17 11:05:48 [task-1] DEBUG org.hibernate.type.BasicTypeRegistry ---
				Adding type registration java.time.LocalTime -> org.hibernate.type.LocalTimeType@7ed229cd
2020-11-17 11:05:48 [task-1] DEBUG org.hibernate.type.BasicTypeRegistry ---
				Adding type registration OffsetDateTime -> org.hibernate.type.OffsetDateTimeType@7e6376c3
2020-11-17 11:05:48 [task-1] DEBUG org.hibernate.type.BasicTypeRegistry ---
				Adding type registration java.time.OffsetDateTime -> org.hibernate.type.OffsetDateTimeType@7e6376c3
2020-11-17 11:05:48 [task-1] DEBUG org.hibernate.type.BasicTypeRegistry ---
				Adding type registration OffsetTime -> org.hibernate.type.OffsetTimeType@5d9e70a7
2020-11-17 11:05:48 [task-1] DEBUG org.hibernate.type.BasicTypeRegistry ---
				Adding type registration java.time.OffsetTime -> org.hibernate.type.OffsetTimeType@5d9e70a7
2020-11-17 11:05:48 [task-1] DEBUG org.hibernate.type.BasicTypeRegistry ---
				Adding type registration ZonedDateTime -> org.hibernate.type.ZonedDateTimeType@51b0e046
2020-11-17 11:05:48 [task-1] DEBUG org.hibernate.type.BasicTypeRegistry ---
				Adding type registration java.time.ZonedDateTime -> org.hibernate.type.ZonedDateTimeType@51b0e046
2020-11-17 11:05:48 [task-1] DEBUG org.hibernate.type.BasicTypeRegistry ---
				Adding type registration date -> org.hibernate.type.DateType@9ecf32f
2020-11-17 11:05:48 [task-1] DEBUG org.hibernate.type.BasicTypeRegistry ---
				Adding type registration java.sql.Date -> org.hibernate.type.DateType@9ecf32f
2020-11-17 11:05:48 [task-1] DEBUG org.hibernate.type.BasicTypeRegistry ---
				Adding type registration time -> org.hibernate.type.TimeType@37c9ee04
2020-11-17 11:05:48 [task-1] DEBUG org.hibernate.type.BasicTypeRegistry ---
				Adding type registration java.sql.Time -> org.hibernate.type.TimeType@37c9ee04
2020-11-17 11:05:48 [task-1] DEBUG org.hibernate.type.BasicTypeRegistry ---
				Adding type registration timestamp -> org.hibernate.type.TimestampType@6485d356
2020-11-17 11:05:48 [task-1] DEBUG org.hibernate.type.BasicTypeRegistry ---
				Adding type registration java.sql.Timestamp -> org.hibernate.type.TimestampType@6485d356
2020-11-17 11:05:48 [task-1] DEBUG org.hibernate.type.BasicTypeRegistry ---
				Adding type registration java.util.Date -> org.hibernate.type.TimestampType@6485d356
2020-11-17 11:05:48 [task-1] DEBUG org.hibernate.type.BasicTypeRegistry ---
				Adding type registration dbtimestamp -> org.hibernate.type.DbTimestampType@21b9c75b
2020-11-17 11:05:48 [task-1] DEBUG org.hibernate.type.BasicTypeRegistry ---
				Adding type registration calendar -> org.hibernate.type.CalendarType@35b65c9b
2020-11-17 11:05:48 [task-1] DEBUG org.hibernate.type.BasicTypeRegistry ---
				Adding type registration java.util.Calendar -> org.hibernate.type.CalendarType@35b65c9b
2020-11-17 11:05:48 [task-1] DEBUG org.hibernate.type.BasicTypeRegistry ---
				Adding type registration java.util.GregorianCalendar -> org.hibernate.type.CalendarType@35b65c9b
2020-11-17 11:05:48 [task-1] DEBUG org.hibernate.type.BasicTypeRegistry ---
				Adding type registration calendar_date -> org.hibernate.type.CalendarDateType@726764c1
2020-11-17 11:05:48 [task-1] DEBUG org.hibernate.type.BasicTypeRegistry ---
				Adding type registration calendar_time -> org.hibernate.type.CalendarTimeType@2e6cc89a
2020-11-17 11:05:48 [task-1] DEBUG org.hibernate.type.BasicTypeRegistry ---
				Adding type registration locale -> org.hibernate.type.LocaleType@42d442a8
2020-11-17 11:05:48 [task-1] DEBUG org.hibernate.type.BasicTypeRegistry ---
				Adding type registration java.util.Locale -> org.hibernate.type.LocaleType@42d442a8
2020-11-17 11:05:48 [task-1] DEBUG org.hibernate.type.BasicTypeRegistry ---
				Adding type registration currency -> org.hibernate.type.CurrencyType@3272ceab
2020-11-17 11:05:48 [task-1] DEBUG org.hibernate.type.BasicTypeRegistry ---
				Adding type registration java.util.Currency -> org.hibernate.type.CurrencyType@3272ceab
2020-11-17 11:05:48 [task-1] DEBUG org.hibernate.type.BasicTypeRegistry ---
				Adding type registration timezone -> org.hibernate.type.TimeZoneType@32801f26
2020-11-17 11:05:48 [task-1] DEBUG org.hibernate.type.BasicTypeRegistry ---
				Adding type registration java.util.TimeZone -> org.hibernate.type.TimeZoneType@32801f26
2020-11-17 11:05:48 [task-1] DEBUG org.hibernate.type.BasicTypeRegistry ---
				Adding type registration class -> org.hibernate.type.ClassType@4c6c17c4
2020-11-17 11:05:48 [task-1] DEBUG org.hibernate.type.BasicTypeRegistry ---
				Adding type registration java.lang.Class -> org.hibernate.type.ClassType@4c6c17c4
2020-11-17 11:05:48 [task-1] DEBUG org.hibernate.type.BasicTypeRegistry ---
				Adding type registration uuid-binary -> org.hibernate.type.UUIDBinaryType@343f6ec0
2020-11-17 11:05:48 [task-1] DEBUG org.hibernate.type.BasicTypeRegistry ---
				Adding type registration java.util.UUID -> org.hibernate.type.UUIDBinaryType@343f6ec0
2020-11-17 11:05:48 [task-1] DEBUG org.hibernate.type.BasicTypeRegistry ---
				Adding type registration uuid-char -> org.hibernate.type.UUIDCharType@6945dd40
2020-11-17 11:05:48 [task-1] DEBUG org.hibernate.type.BasicTypeRegistry ---
				Adding type registration binary -> org.hibernate.type.BinaryType@3bc1c1fd
2020-11-17 11:05:48 [task-1] DEBUG org.hibernate.type.BasicTypeRegistry ---
				Adding type registration byte[] -> org.hibernate.type.BinaryType@3bc1c1fd
2020-11-17 11:05:48 [task-1] DEBUG org.hibernate.type.BasicTypeRegistry ---
				Adding type registration [B -> org.hibernate.type.BinaryType@3bc1c1fd
2020-11-17 11:05:48 [task-1] DEBUG org.hibernate.type.BasicTypeRegistry ---
				Adding type registration wrapper-binary -> org.hibernate.type.WrapperBinaryType@39ae96d5
2020-11-17 11:05:48 [task-1] DEBUG org.hibernate.type.BasicTypeRegistry ---
				Adding type registration Byte[] -> org.hibernate.type.WrapperBinaryType@39ae96d5
2020-11-17 11:05:48 [task-1] DEBUG org.hibernate.type.BasicTypeRegistry ---
				Adding type registration [Ljava.lang.Byte; -> org.hibernate.type.WrapperBinaryType@39ae96d5
2020-11-17 11:05:48 [task-1] DEBUG org.hibernate.type.BasicTypeRegistry ---
				Adding type registration row_version -> org.hibernate.type.RowVersionType@78a8c37b
2020-11-17 11:05:48 [task-1] DEBUG org.hibernate.type.BasicTypeRegistry ---
				Adding type registration image -> org.hibernate.type.ImageType@6ab3e208
2020-11-17 11:05:48 [task-1] DEBUG org.hibernate.type.BasicTypeRegistry ---
				Adding type registration characters -> org.hibernate.type.CharArrayType@61e4606c
2020-11-17 11:05:48 [task-1] DEBUG org.hibernate.type.BasicTypeRegistry ---
				Adding type registration char[] -> org.hibernate.type.CharArrayType@61e4606c
2020-11-17 11:05:48 [task-1] DEBUG org.hibernate.type.BasicTypeRegistry ---
				Adding type registration [C -> org.hibernate.type.CharArrayType@61e4606c
2020-11-17 11:05:48 [task-1] DEBUG org.hibernate.type.BasicTypeRegistry ---
				Adding type registration wrapper-characters -> org.hibernate.type.CharacterArrayType@30690bc
2020-11-17 11:05:48 [task-1] DEBUG org.hibernate.type.BasicTypeRegistry ---
				Adding type registration [Ljava.lang.Character; -> org.hibernate.type.CharacterArrayType@30690bc
2020-11-17 11:05:48 [task-1] DEBUG org.hibernate.type.BasicTypeRegistry ---
				Adding type registration Character[] -> org.hibernate.type.CharacterArrayType@30690bc
2020-11-17 11:05:48 [task-1] DEBUG org.hibernate.type.BasicTypeRegistry ---
				Adding type registration text -> org.hibernate.type.TextType@af41d6
2020-11-17 11:05:48 [task-1] DEBUG org.hibernate.type.BasicTypeRegistry ---
				Adding type registration ntext -> org.hibernate.type.NTextType@623b63a
2020-11-17 11:05:48 [task-1] DEBUG org.hibernate.type.BasicTypeRegistry ---
				Adding type registration blob -> org.hibernate.type.BlobType@40e1010d
2020-11-17 11:05:48 [task-1] DEBUG org.hibernate.type.BasicTypeRegistry ---
				Adding type registration java.sql.Blob -> org.hibernate.type.BlobType@40e1010d
2020-11-17 11:05:48 [task-1] DEBUG org.hibernate.type.BasicTypeRegistry ---
				Adding type registration materialized_blob -> org.hibernate.type.MaterializedBlobType@1ae4b2f2
2020-11-17 11:05:48 [task-1] DEBUG org.hibernate.type.BasicTypeRegistry ---
				Adding type registration clob -> org.hibernate.type.ClobType@721e1811
2020-11-17 11:05:48 [task-1] DEBUG org.hibernate.type.BasicTypeRegistry ---
				Adding type registration java.sql.Clob -> org.hibernate.type.ClobType@721e1811
2020-11-17 11:05:48 [task-1] DEBUG org.hibernate.type.BasicTypeRegistry ---
				Adding type registration nclob -> org.hibernate.type.NClobType@52ed9c12
