2020-11-17 11:05:16 [task-1] DEBUG org.hibernate.type.BasicTypeRegistry ---
				Adding type registration java.sql.NClob -> org.hibernate.type.NClobType@18392933
2020-11-17 11:05:16 [task-1] DEBUG org.hibernate.type.BasicTypeRegistry ---
				Adding type registration materialized_clob -> org.hibernate.type.MaterializedClobType@74280909
2020-11-17 11:05:16 [task-1] DEBUG org.hibernate.type.BasicTypeRegistry ---
				Adding type registration materialized_nclob -> org.hibernate.type.MaterializedNClobType@5cec334
2020-11-17 11:05:16 [task-1] DEBUG org.hibernate.type.BasicTypeRegistry ---
				Adding type registration serializable -> org.hibernate.type.SerializableType@702ea0fe
2020-11-17 11:05:16 [task-1] DEBUG org.hibernate.type.BasicTypeRegistry ---
				Adding type registration object -> org.hibernate.type.ObjectType@5fe75665
2020-11-17 11:05:16 [task-1] DEBUG org.hibernate.type.BasicTypeRegistry ---
				Adding type registration java.lang.Object -> org.hibernate.type.ObjectType@5fe75665
2020-11-17 11:05:16 [task-1] DEBUG org.hibernate.type.BasicTypeRegistry ---
				Adding type registration imm_date -> org.hibernate.type.AdaptedImmutableType@2cca3561
2020-11-17 11:05:16 [task-1] DEBUG org.hibernate.type.BasicTypeRegistry ---
				Adding type registration imm_time -> org.hibernate.type.AdaptedImmutableType@664c903e
2020-11-17 11:05:16 [task-1] DEBUG org.hibernate.type.BasicTypeRegistry ---
				Adding type registration imm_timestamp -> org.hibernate.type.AdaptedImmutableType@53bd75a7
2020-11-17 11:05:16 [task-1] DEBUG org.hibernate.type.BasicTypeRegistry ---
				Adding type registration imm_dbtimestamp -> org.hibernate.type.AdaptedImmutableType@426588bb
2020-11-17 11:05:16 [task-1] DEBUG org.hibernate.type.BasicTypeRegistry ---
				Adding type registration imm_calendar -> org.hibernate.type.AdaptedImmutableType@3ff9ccab
2020-11-17 11:05:16 [task-1] DEBUG org.hibernate.type.BasicTypeRegistry ---
				Adding type registration imm_calendar_date -> org.hibernate.type.AdaptedImmutableType@3d36660a
2020-11-17 11:05:16 [task-1] DEBUG org.hibernate.type.BasicTypeRegistry ---
				Adding type registration imm_binary -> org.hibernate.type.AdaptedImmutableType@51e3c46
2020-11-17 11:05:16 [task-1] DEBUG org.hibernate.type.BasicTypeRegistry ---
				Adding type registration imm_serializable -> org.hibernate.type.AdaptedImmutableType@6bd04c0e
2020-11-17 11:05:16 [task-1] DEBUG o.h.b.internal.BootstrapContextImpl ---
				Injecting JPA temp ClassLoader [org.springframework.instrument.classloading.SimpleThrowawayClassLoader@7e092980] into BootstrapContext; was [null]
2020-11-17 11:05:16 [task-1] DEBUG o.h.b.internal.ClassLoaderAccessImpl ---
				ClassLoaderAccessImpl#injectTempClassLoader(org.springframework.instrument.classloading.SimpleThrowawayClassLoader@7e092980) [was null]
2020-11-17 11:05:16 [task-1] DEBUG o.h.b.internal.BootstrapContextImpl ---
				Injecting ScanEnvironment [org.hibernate.jpa.boot.internal.StandardJpaScanEnvironmentImpl@380fa66d] into BootstrapContext; was [null]
2020-11-17 11:05:16 [task-1] DEBUG o.h.b.internal.BootstrapContextImpl ---
				Injecting ScanOptions [org.hibernate.boot.archive.scan.internal.StandardScanOptions@760432ea] into BootstrapContext; was [org.hibernate.boot.archive.scan.internal.StandardScanOptions@7785e01f]
2020-11-17 11:05:16 [task-1] DEBUG o.h.b.internal.BootstrapContextImpl ---
				Injecting JPA temp ClassLoader [null] into BootstrapContext; was [org.springframework.instrument.classloading.SimpleThrowawayClassLoader@7e092980]
2020-11-17 11:05:16 [task-1] DEBUG o.h.b.internal.ClassLoaderAccessImpl ---
				ClassLoaderAccessImpl#injectTempClassLoader(null) [was org.springframework.instrument.classloading.SimpleThrowawayClassLoader@7e092980]
2020-11-17 11:05:17 [task-1] DEBUG o.h.i.f.i.DefaultIdentifierGeneratorFactory ---
				Registering IdentifierGenerator strategy [uuid2] -> [org.hibernate.id.UUIDGenerator]
2020-11-17 11:05:17 [task-1] DEBUG o.h.i.f.i.DefaultIdentifierGeneratorFactory ---
				Registering IdentifierGenerator strategy [guid] -> [org.hibernate.id.GUIDGenerator]
2020-11-17 11:05:17 [task-1] DEBUG o.h.i.f.i.DefaultIdentifierGeneratorFactory ---
				Registering IdentifierGenerator strategy [uuid] -> [org.hibernate.id.UUIDHexGenerator]
2020-11-17 11:05:17 [task-1] DEBUG o.h.i.f.i.DefaultIdentifierGeneratorFactory ---
				Registering IdentifierGenerator strategy [uuid.hex] -> [org.hibernate.id.UUIDHexGenerator]
2020-11-17 11:05:17 [task-1] DEBUG o.h.i.f.i.DefaultIdentifierGeneratorFactory ---
				Registering IdentifierGenerator strategy [assigned] -> [org.hibernate.id.Assigned]
2020-11-17 11:05:17 [task-1] DEBUG o.h.i.f.i.DefaultIdentifierGeneratorFactory ---
				Registering IdentifierGenerator strategy [identity] -> [org.hibernate.id.IdentityGenerator]
2020-11-17 11:05:17 [task-1] DEBUG o.h.i.f.i.DefaultIdentifierGeneratorFactory ---
				Registering IdentifierGenerator strategy [select] -> [org.hibernate.id.SelectGenerator]
2020-11-17 11:05:17 [task-1] DEBUG o.h.i.f.i.DefaultIdentifierGeneratorFactory ---
				Registering IdentifierGenerator strategy [sequence] -> [org.hibernate.id.enhanced.SequenceStyleGenerator]
2020-11-17 11:05:17 [task-1] DEBUG o.h.i.f.i.DefaultIdentifierGeneratorFactory ---
				Registering IdentifierGenerator strategy [seqhilo] -> [org.hibernate.id.SequenceHiLoGenerator]
2020-11-17 11:05:17 [task-1] DEBUG o.h.i.f.i.DefaultIdentifierGeneratorFactory ---
				Registering IdentifierGenerator strategy [increment] -> [org.hibernate.id.IncrementGenerator]
2020-11-17 11:05:17 [task-1] DEBUG o.h.i.f.i.DefaultIdentifierGeneratorFactory ---
				Registering IdentifierGenerator strategy [foreign] -> [org.hibernate.id.ForeignGenerator]
2020-11-17 11:05:17 [task-1] DEBUG o.h.i.f.i.DefaultIdentifierGeneratorFactory ---
				Registering IdentifierGenerator strategy [sequence-identity] -> [org.hibernate.id.SequenceIdentityGenerator]
2020-11-17 11:05:17 [task-1] DEBUG o.h.i.f.i.DefaultIdentifierGeneratorFactory ---
				Registering IdentifierGenerator strategy [enhanced-sequence] -> [org.hibernate.id.enhanced.SequenceStyleGenerator]
2020-11-17 11:05:17 [task-1] DEBUG o.h.i.f.i.DefaultIdentifierGeneratorFactory ---
				Registering IdentifierGenerator strategy [enhanced-table] -> [org.hibernate.id.enhanced.TableGenerator]
2020-11-17 11:05:17 [task-1] DEBUG com.zaxxer.hikari.HikariConfig ---
				HikariPool-3 - configuration:
2020-11-17 11:05:17 [task-1] DEBUG com.zaxxer.hikari.HikariConfig ---
				allowPoolSuspension.............false
2020-11-17 11:05:17 [task-1] DEBUG com.zaxxer.hikari.HikariConfig ---
				autoCommit......................true
2020-11-17 11:05:17 [task-1] DEBUG com.zaxxer.hikari.HikariConfig ---
				catalog.........................none
2020-11-17 11:05:17 [task-1] DEBUG com.zaxxer.hikari.HikariConfig ---
				connectionInitSql...............none
2020-11-17 11:05:17 [task-1] DEBUG com.zaxxer.hikari.HikariConfig ---
				connectionTestQuery.............none
2020-11-17 11:05:17 [task-1] DEBUG com.zaxxer.hikari.HikariConfig ---
				connectionTimeout...............30000
2020-11-17 11:05:17 [task-1] DEBUG com.zaxxer.hikari.HikariConfig ---
				dataSource......................none
2020-11-17 11:05:17 [task-1] DEBUG com.zaxxer.hikari.HikariConfig ---
				dataSourceClassName.............none
2020-11-17 11:05:17 [task-1] DEBUG com.zaxxer.hikari.HikariConfig ---
				dataSourceJNDI..................none
2020-11-17 11:05:17 [task-1] DEBUG com.zaxxer.hikari.HikariConfig ---
				dataSourceProperties............{password=<masked>}
2020-11-17 11:05:17 [task-1] DEBUG com.zaxxer.hikari.HikariConfig ---
				driverClassName................."oracle.jdbc.OracleDriver"
2020-11-17 11:05:17 [task-1] DEBUG com.zaxxer.hikari.HikariConfig ---
				exceptionOverrideClassName......none
2020-11-17 11:05:17 [task-1] DEBUG com.zaxxer.hikari.HikariConfig ---
				healthCheckProperties...........{}
2020-11-17 11:05:17 [task-1] DEBUG com.zaxxer.hikari.HikariConfig ---
				healthCheckRegistry.............none
2020-11-17 11:05:17 [task-1] DEBUG com.zaxxer.hikari.HikariConfig ---
				idleTimeout.....................600000
2020-11-17 11:05:17 [task-1] DEBUG com.zaxxer.hikari.HikariConfig ---
				initializationFailTimeout.......1
2020-11-17 11:05:17 [task-1] DEBUG com.zaxxer.hikari.HikariConfig ---
				isolateInternalQueries..........false
2020-11-17 11:05:17 [task-1] DEBUG com.zaxxer.hikari.HikariConfig ---
				jdbcUrl.........................jdbc:oracle:thin:@localhost:1521:xe
2020-11-17 11:05:17 [task-1] DEBUG com.zaxxer.hikari.HikariConfig ---
				leakDetectionThreshold..........0
2020-11-17 11:05:17 [task-1] DEBUG com.zaxxer.hikari.HikariConfig ---
				maxLifetime.....................1800000
2020-11-17 11:05:17 [task-1] DEBUG com.zaxxer.hikari.HikariConfig ---
				maximumPoolSize.................10
2020-11-17 11:05:17 [task-1] DEBUG com.zaxxer.hikari.HikariConfig ---
				metricRegistry..................none
2020-11-17 11:05:17 [task-1] DEBUG com.zaxxer.hikari.HikariConfig ---
				metricsTrackerFactory...........none
2020-11-17 11:05:17 [task-1] DEBUG com.zaxxer.hikari.HikariConfig ---
				minimumIdle.....................10
2020-11-17 11:05:17 [task-1] DEBUG com.zaxxer.hikari.HikariConfig ---
				password........................<masked>
2020-11-17 11:05:17 [task-1] DEBUG com.zaxxer.hikari.HikariConfig ---
				poolName........................"HikariPool-3"
2020-11-17 11:05:17 [task-1] DEBUG com.zaxxer.hikari.HikariConfig ---
				readOnly........................false
2020-11-17 11:05:17 [task-1] DEBUG com.zaxxer.hikari.HikariConfig ---
				registerMbeans..................false
2020-11-17 11:05:17 [task-1] DEBUG com.zaxxer.hikari.HikariConfig ---
				scheduledExecutor...............none
2020-11-17 11:05:17 [task-1] DEBUG com.zaxxer.hikari.HikariConfig ---
				schema..........................none
2020-11-17 11:05:17 [task-1] DEBUG com.zaxxer.hikari.HikariConfig ---
				threadFactory...................internal
2020-11-17 11:05:17 [task-1] DEBUG com.zaxxer.hikari.HikariConfig ---
				transactionIsolation............default
2020-11-17 11:05:17 [task-1] DEBUG com.zaxxer.hikari.HikariConfig ---
				username........................"java"
2020-11-17 11:05:17 [task-1] DEBUG com.zaxxer.hikari.HikariConfig ---
				validationTimeout...............5000
2020-11-17 11:05:17 [task-1] INFO  com.zaxxer.hikari.HikariDataSource ---
				HikariPool-3 - Starting...
2020-11-17 11:05:17 [Catalina-utility-1] INFO  o.s.d.r.c.DeferredRepositoryInitializationListener ---
				Triggering deferred initialization of Spring Data repositories…
2020-11-17 11:05:17 [Catalina-utility-1] INFO  o.s.d.r.c.DeferredRepositoryInitializationListener ---
				Triggering deferred initialization of Spring Data repositories…
2020-11-17 11:05:17 [task-1] DEBUG com.zaxxer.hikari.pool.HikariPool ---
				HikariPool-3 - Added connection oracle.jdbc.driver.T4CConnection@1f7b5a2e
2020-11-17 11:05:17 [task-1] INFO  com.zaxxer.hikari.HikariDataSource ---
				HikariPool-3 - Start completed.
2020-11-17 11:05:17 [task-1] DEBUG o.h.e.j.e.i.JdbcEnvironmentInitiator ---
				Database ->
       name : Oracle
    version : Oracle Database 11g Express Edition Release 11.2.0.2.0 - 64bit Production
      major : 11
      minor : 2
2020-11-17 11:05:17 [task-1] DEBUG o.h.e.j.e.i.JdbcEnvironmentInitiator ---
				Driver ->
       name : Oracle JDBC driver
    version : 19.3.0.0.0
      major : 19
      minor : 3
2020-11-17 11:05:17 [task-1] DEBUG o.h.e.j.e.i.JdbcEnvironmentInitiator ---
				JDBC version : 4.2
2020-11-17 11:05:17 [task-1] INFO  org.hibernate.dialect.Dialect ---
				HHH000400: Using dialect: org.hibernate.dialect.Oracle10gDialect
2020-11-17 11:05:17 [HikariPool-3 housekeeper] DEBUG com.zaxxer.hikari.pool.HikariPool ---
				HikariPool-3 - Pool stats (total=1, active=1, idle=0, waiting=0)
2020-11-17 11:05:17 [HikariPool-3 connection adder] DEBUG com.zaxxer.hikari.pool.HikariPool ---
				HikariPool-3 - Added connection oracle.jdbc.driver.T4CConnection@123918b0
2020-11-17 11:05:17 [HikariPool-3 connection adder] DEBUG com.zaxxer.hikari.pool.HikariPool ---
				HikariPool-3 - Added connection oracle.jdbc.driver.T4CConnection@383bc1a9
2020-11-17 11:05:17 [HikariPool-3 connection adder] DEBUG com.zaxxer.hikari.pool.HikariPool ---
				HikariPool-3 - Added connection oracle.jdbc.driver.T4CConnection@40482f0c
2020-11-17 11:05:17 [HikariPool-3 connection adder] DEBUG com.zaxxer.hikari.pool.HikariPool ---
				HikariPool-3 - Added connection oracle.jdbc.driver.T4CConnection@55fb5481
2020-11-17 11:05:17 [HikariPool-3 connection adder] DEBUG com.zaxxer.hikari.pool.HikariPool ---
				HikariPool-3 - Added connection oracle.jdbc.driver.T4CConnection@5b4c2136
2020-11-17 11:05:17 [HikariPool-3 connection adder] DEBUG com.zaxxer.hikari.pool.HikariPool ---
				HikariPool-3 - Added connection oracle.jdbc.driver.T4CConnection@3835a767
2020-11-17 11:05:17 [HikariPool-3 connection adder] DEBUG com.zaxxer.hikari.pool.HikariPool ---
				HikariPool-3 - Added connection oracle.jdbc.driver.T4CConnection@322e34f3
2020-11-17 11:05:17 [HikariPool-3 connection adder] DEBUG com.zaxxer.hikari.pool.HikariPool ---
				HikariPool-3 - Added connection oracle.jdbc.driver.T4CConnection@3d584312
2020-11-17 11:05:17 [HikariPool-3 connection adder] DEBUG com.zaxxer.hikari.pool.HikariPool ---
				HikariPool-3 - Added connection oracle.jdbc.driver.T4CConnection@794e3c79
2020-11-17 11:05:17 [HikariPool-3 connection adder] DEBUG com.zaxxer.hikari.pool.HikariPool ---
				HikariPool-3 - After adding stats (total=10, active=1, idle=9, waiting=0)
