2020-11-17 11:06:05 [task-1] DEBUG org.hibernate.type.BasicTypeRegistry ---
				Adding type registration nstring -> org.hibernate.type.StringNVarcharType@1040ae72
2020-11-17 11:06:05 [task-1] DEBUG org.hibernate.type.BasicTypeRegistry ---
				Adding type registration ncharacter -> org.hibernate.type.CharacterNCharType@6902dde5
2020-11-17 11:06:05 [task-1] DEBUG org.hibernate.type.BasicTypeRegistry ---
				Adding type registration url -> org.hibernate.type.UrlType@68162eb3
2020-11-17 11:06:05 [task-1] DEBUG org.hibernate.type.BasicTypeRegistry ---
				Adding type registration java.net.URL -> org.hibernate.type.UrlType@68162eb3
2020-11-17 11:06:05 [task-1] DEBUG org.hibernate.type.BasicTypeRegistry ---
				Adding type registration Duration -> org.hibernate.type.DurationType@5b2b47fe
2020-11-17 11:06:05 [task-1] DEBUG org.hibernate.type.BasicTypeRegistry ---
				Adding type registration java.time.Duration -> org.hibernate.type.DurationType@5b2b47fe
2020-11-17 11:06:05 [task-1] DEBUG org.hibernate.type.BasicTypeRegistry ---
				Adding type registration Instant -> org.hibernate.type.InstantType@47960131
2020-11-17 11:06:05 [task-1] DEBUG org.hibernate.type.BasicTypeRegistry ---
				Adding type registration java.time.Instant -> org.hibernate.type.InstantType@47960131
2020-11-17 11:06:05 [task-1] DEBUG org.hibernate.type.BasicTypeRegistry ---
				Adding type registration LocalDateTime -> org.hibernate.type.LocalDateTimeType@4059409c
2020-11-17 11:06:05 [task-1] DEBUG org.hibernate.type.BasicTypeRegistry ---
				Adding type registration java.time.LocalDateTime -> org.hibernate.type.LocalDateTimeType@4059409c
2020-11-17 11:06:05 [task-1] DEBUG org.hibernate.type.BasicTypeRegistry ---
				Adding type registration LocalDate -> org.hibernate.type.LocalDateType@3b9531ec
2020-11-17 11:06:05 [task-1] DEBUG org.hibernate.type.BasicTypeRegistry ---
				Adding type registration java.time.LocalDate -> org.hibernate.type.LocalDateType@3b9531ec
2020-11-17 11:06:05 [task-1] DEBUG org.hibernate.type.BasicTypeRegistry ---
				Adding type registration LocalTime -> org.hibernate.type.LocalTimeType@1167a3c8
2020-11-17 11:06:05 [task-1] DEBUG org.hibernate.type.BasicTypeRegistry ---
				Adding type registration java.time.LocalTime -> org.hibernate.type.LocalTimeType@1167a3c8
2020-11-17 11:06:05 [task-1] DEBUG org.hibernate.type.BasicTypeRegistry ---
				Adding type registration OffsetDateTime -> org.hibernate.type.OffsetDateTimeType@423bdc21
2020-11-17 11:06:05 [task-1] DEBUG org.hibernate.type.BasicTypeRegistry ---
				Adding type registration java.time.OffsetDateTime -> org.hibernate.type.OffsetDateTimeType@423bdc21
2020-11-17 11:06:05 [task-1] DEBUG org.hibernate.type.BasicTypeRegistry ---
				Adding type registration OffsetTime -> org.hibernate.type.OffsetTimeType@5f5b2c97
2020-11-17 11:06:05 [task-1] DEBUG org.hibernate.type.BasicTypeRegistry ---
				Adding type registration java.time.OffsetTime -> org.hibernate.type.OffsetTimeType@5f5b2c97
2020-11-17 11:06:05 [task-1] DEBUG org.hibernate.type.BasicTypeRegistry ---
				Adding type registration ZonedDateTime -> org.hibernate.type.ZonedDateTimeType@a5560dd
2020-11-17 11:06:05 [task-1] DEBUG org.hibernate.type.BasicTypeRegistry ---
				Adding type registration java.time.ZonedDateTime -> org.hibernate.type.ZonedDateTimeType@a5560dd
2020-11-17 11:06:05 [task-1] DEBUG org.hibernate.type.BasicTypeRegistry ---
				Adding type registration date -> org.hibernate.type.DateType@33c8b099
2020-11-17 11:06:05 [task-1] DEBUG org.hibernate.type.BasicTypeRegistry ---
				Adding type registration java.sql.Date -> org.hibernate.type.DateType@33c8b099
2020-11-17 11:06:05 [task-1] DEBUG org.hibernate.type.BasicTypeRegistry ---
				Adding type registration time -> org.hibernate.type.TimeType@4b19ec03
2020-11-17 11:06:05 [task-1] DEBUG org.hibernate.type.BasicTypeRegistry ---
				Adding type registration java.sql.Time -> org.hibernate.type.TimeType@4b19ec03
2020-11-17 11:06:05 [task-1] DEBUG org.hibernate.type.BasicTypeRegistry ---
				Adding type registration timestamp -> org.hibernate.type.TimestampType@57624542
2020-11-17 11:06:05 [task-1] DEBUG org.hibernate.type.BasicTypeRegistry ---
				Adding type registration java.sql.Timestamp -> org.hibernate.type.TimestampType@57624542
2020-11-17 11:06:05 [task-1] DEBUG org.hibernate.type.BasicTypeRegistry ---
				Adding type registration java.util.Date -> org.hibernate.type.TimestampType@57624542
2020-11-17 11:06:05 [task-1] DEBUG org.hibernate.type.BasicTypeRegistry ---
				Adding type registration dbtimestamp -> org.hibernate.type.DbTimestampType@77906523
2020-11-17 11:06:05 [task-1] DEBUG org.hibernate.type.BasicTypeRegistry ---
				Adding type registration calendar -> org.hibernate.type.CalendarType@20219bd9
2020-11-17 11:06:05 [task-1] DEBUG org.hibernate.type.BasicTypeRegistry ---
				Adding type registration java.util.Calendar -> org.hibernate.type.CalendarType@20219bd9
2020-11-17 11:06:05 [task-1] DEBUG org.hibernate.type.BasicTypeRegistry ---
				Adding type registration java.util.GregorianCalendar -> org.hibernate.type.CalendarType@20219bd9
2020-11-17 11:06:05 [task-1] DEBUG org.hibernate.type.BasicTypeRegistry ---
				Adding type registration calendar_date -> org.hibernate.type.CalendarDateType@6bdcbc76
2020-11-17 11:06:05 [task-1] DEBUG org.hibernate.type.BasicTypeRegistry ---
				Adding type registration calendar_time -> org.hibernate.type.CalendarTimeType@7e783673
2020-11-17 11:06:05 [task-1] DEBUG org.hibernate.type.BasicTypeRegistry ---
				Adding type registration locale -> org.hibernate.type.LocaleType@244ca0fb
2020-11-17 11:06:05 [task-1] DEBUG org.hibernate.type.BasicTypeRegistry ---
				Adding type registration java.util.Locale -> org.hibernate.type.LocaleType@244ca0fb
2020-11-17 11:06:05 [task-1] DEBUG org.hibernate.type.BasicTypeRegistry ---
				Adding type registration currency -> org.hibernate.type.CurrencyType@4af4f389
2020-11-17 11:06:05 [task-1] DEBUG org.hibernate.type.BasicTypeRegistry ---
				Adding type registration java.util.Currency -> org.hibernate.type.CurrencyType@4af4f389
2020-11-17 11:06:05 [task-1] DEBUG org.hibernate.type.BasicTypeRegistry ---
				Adding type registration timezone -> org.hibernate.type.TimeZoneType@6312acbe
2020-11-17 11:06:05 [task-1] DEBUG org.hibernate.type.BasicTypeRegistry ---
				Adding type registration java.util.TimeZone -> org.hibernate.type.TimeZoneType@6312acbe
2020-11-17 11:06:05 [task-1] DEBUG org.hibernate.type.BasicTypeRegistry ---
				Adding type registration class -> org.hibernate.type.ClassType@f36fbd1
2020-11-17 11:06:05 [task-1] DEBUG org.hibernate.type.BasicTypeRegistry ---
				Adding type registration java.lang.Class -> org.hibernate.type.ClassType@f36fbd1
2020-11-17 11:06:05 [task-1] DEBUG org.hibernate.type.BasicTypeRegistry ---
				Adding type registration uuid-binary -> org.hibernate.type.UUIDBinaryType@22a5937f
2020-11-17 11:06:05 [task-1] DEBUG org.hibernate.type.BasicTypeRegistry ---
				Adding type registration java.util.UUID -> org.hibernate.type.UUIDBinaryType@22a5937f
2020-11-17 11:06:05 [task-1] DEBUG org.hibernate.type.BasicTypeRegistry ---
				Adding type registration uuid-char -> org.hibernate.type.UUIDCharType@984bde7
2020-11-17 11:06:05 [task-1] DEBUG org.hibernate.type.BasicTypeRegistry ---
				Adding type registration binary -> org.hibernate.type.BinaryType@5abee4c4
2020-11-17 11:06:05 [task-1] DEBUG org.hibernate.type.BasicTypeRegistry ---
				Adding type registration byte[] -> org.hibernate.type.BinaryType@5abee4c4
2020-11-17 11:06:05 [task-1] DEBUG org.hibernate.type.BasicTypeRegistry ---
				Adding type registration [B -> org.hibernate.type.BinaryType@5abee4c4
2020-11-17 11:06:05 [task-1] DEBUG org.hibernate.type.BasicTypeRegistry ---
				Adding type registration wrapper-binary -> org.hibernate.type.WrapperBinaryType@33272a3d
2020-11-17 11:06:05 [task-1] DEBUG org.hibernate.type.BasicTypeRegistry ---
				Adding type registration Byte[] -> org.hibernate.type.WrapperBinaryType@33272a3d
2020-11-17 11:06:05 [task-1] DEBUG org.hibernate.type.BasicTypeRegistry ---
				Adding type registration [Ljava.lang.Byte; -> org.hibernate.type.WrapperBinaryType@33272a3d
2020-11-17 11:06:05 [task-1] DEBUG org.hibernate.type.BasicTypeRegistry ---
				Adding type registration row_version -> org.hibernate.type.RowVersionType@7d7565d1
2020-11-17 11:06:05 [task-1] DEBUG org.hibernate.type.BasicTypeRegistry ---
				Adding type registration image -> org.hibernate.type.ImageType@593d8fad
2020-11-17 11:06:05 [task-1] DEBUG org.hibernate.type.BasicTypeRegistry ---
				Adding type registration characters -> org.hibernate.type.CharArrayType@42771cb5
2020-11-17 11:06:05 [task-1] DEBUG org.hibernate.type.BasicTypeRegistry ---
				Adding type registration char[] -> org.hibernate.type.CharArrayType@42771cb5
2020-11-17 11:06:05 [task-1] DEBUG org.hibernate.type.BasicTypeRegistry ---
				Adding type registration [C -> org.hibernate.type.CharArrayType@42771cb5
2020-11-17 11:06:05 [task-1] DEBUG org.hibernate.type.BasicTypeRegistry ---
				Adding type registration wrapper-characters -> org.hibernate.type.CharacterArrayType@5bb0e428
2020-11-17 11:06:05 [task-1] DEBUG org.hibernate.type.BasicTypeRegistry ---
				Adding type registration [Ljava.lang.Character; -> org.hibernate.type.CharacterArrayType@5bb0e428
2020-11-17 11:06:05 [task-1] DEBUG org.hibernate.type.BasicTypeRegistry ---
				Adding type registration Character[] -> org.hibernate.type.CharacterArrayType@5bb0e428
2020-11-17 11:06:05 [task-1] DEBUG org.hibernate.type.BasicTypeRegistry ---
				Adding type registration text -> org.hibernate.type.TextType@136eccba
2020-11-17 11:06:05 [task-1] DEBUG org.hibernate.type.BasicTypeRegistry ---
				Adding type registration ntext -> org.hibernate.type.NTextType@460a8d99
2020-11-17 11:06:05 [task-1] DEBUG org.hibernate.type.BasicTypeRegistry ---
				Adding type registration blob -> org.hibernate.type.BlobType@7aa9a18d
2020-11-17 11:06:05 [task-1] DEBUG org.hibernate.type.BasicTypeRegistry ---
				Adding type registration java.sql.Blob -> org.hibernate.type.BlobType@7aa9a18d
2020-11-17 11:06:05 [task-1] DEBUG org.hibernate.type.BasicTypeRegistry ---
				Adding type registration materialized_blob -> org.hibernate.type.MaterializedBlobType@61046c98
2020-11-17 11:06:05 [task-1] DEBUG org.hibernate.type.BasicTypeRegistry ---
				Adding type registration clob -> org.hibernate.type.ClobType@64872478
