2020-11-17 11:23:31 [task-1] DEBUG org.hibernate.type.BasicTypeRegistry ---
				Adding type registration url -> org.hibernate.type.UrlType@3458c0fa
2020-11-17 11:23:31 [task-1] DEBUG org.hibernate.type.BasicTypeRegistry ---
				Adding type registration java.net.URL -> org.hibernate.type.UrlType@3458c0fa
2020-11-17 11:23:31 [task-1] DEBUG org.hibernate.type.BasicTypeRegistry ---
				Adding type registration Duration -> org.hibernate.type.DurationType@5ac25dd7
2020-11-17 11:23:31 [task-1] DEBUG org.hibernate.type.BasicTypeRegistry ---
				Adding type registration java.time.Duration -> org.hibernate.type.DurationType@5ac25dd7
2020-11-17 11:23:31 [task-1] DEBUG org.hibernate.type.BasicTypeRegistry ---
				Adding type registration Instant -> org.hibernate.type.InstantType@3aa3e572
2020-11-17 11:23:31 [task-1] DEBUG org.hibernate.type.BasicTypeRegistry ---
				Adding type registration java.time.Instant -> org.hibernate.type.InstantType@3aa3e572
2020-11-17 11:23:31 [task-1] DEBUG org.hibernate.type.BasicTypeRegistry ---
				Adding type registration LocalDateTime -> org.hibernate.type.LocalDateTimeType@18f5a5da
2020-11-17 11:23:31 [task-1] DEBUG org.hibernate.type.BasicTypeRegistry ---
				Adding type registration java.time.LocalDateTime -> org.hibernate.type.LocalDateTimeType@18f5a5da
2020-11-17 11:23:31 [task-1] DEBUG org.hibernate.type.BasicTypeRegistry ---
				Adding type registration LocalDate -> org.hibernate.type.LocalDateType@2f7ab282
2020-11-17 11:23:31 [task-1] DEBUG org.hibernate.type.BasicTypeRegistry ---
				Adding type registration java.time.LocalDate -> org.hibernate.type.LocalDateType@2f7ab282
2020-11-17 11:23:31 [task-1] DEBUG org.hibernate.type.BasicTypeRegistry ---
				Adding type registration LocalTime -> org.hibernate.type.LocalTimeType@24fc1559
2020-11-17 11:23:31 [task-1] DEBUG org.hibernate.type.BasicTypeRegistry ---
				Adding type registration java.time.LocalTime -> org.hibernate.type.LocalTimeType@24fc1559
2020-11-17 11:23:31 [task-1] DEBUG org.hibernate.type.BasicTypeRegistry ---
				Adding type registration OffsetDateTime -> org.hibernate.type.OffsetDateTimeType@6bc84f62
2020-11-17 11:23:31 [task-1] DEBUG org.hibernate.type.BasicTypeRegistry ---
				Adding type registration java.time.OffsetDateTime -> org.hibernate.type.OffsetDateTimeType@6bc84f62
2020-11-17 11:23:31 [task-1] DEBUG org.hibernate.type.BasicTypeRegistry ---
				Adding type registration OffsetTime -> org.hibernate.type.OffsetTimeType@672fdabd
2020-11-17 11:23:31 [task-1] DEBUG org.hibernate.type.BasicTypeRegistry ---
				Adding type registration java.time.OffsetTime -> org.hibernate.type.OffsetTimeType@672fdabd
2020-11-17 11:23:31 [task-1] DEBUG org.hibernate.type.BasicTypeRegistry ---
				Adding type registration ZonedDateTime -> org.hibernate.type.ZonedDateTimeType@6365e4a3
2020-11-17 11:23:31 [task-1] DEBUG org.hibernate.type.BasicTypeRegistry ---
				Adding type registration java.time.ZonedDateTime -> org.hibernate.type.ZonedDateTimeType@6365e4a3
2020-11-17 11:23:31 [task-1] DEBUG org.hibernate.type.BasicTypeRegistry ---
				Adding type registration date -> org.hibernate.type.DateType@247cf9cb
2020-11-17 11:23:31 [task-1] DEBUG org.hibernate.type.BasicTypeRegistry ---
				Adding type registration java.sql.Date -> org.hibernate.type.DateType@247cf9cb
2020-11-17 11:23:31 [task-1] DEBUG org.hibernate.type.BasicTypeRegistry ---
				Adding type registration time -> org.hibernate.type.TimeType@3ccf8609
2020-11-17 11:23:31 [task-1] DEBUG org.hibernate.type.BasicTypeRegistry ---
				Adding type registration java.sql.Time -> org.hibernate.type.TimeType@3ccf8609
2020-11-17 11:23:31 [task-1] DEBUG org.hibernate.type.BasicTypeRegistry ---
				Adding type registration timestamp -> org.hibernate.type.TimestampType@779edace
2020-11-17 11:23:31 [task-1] DEBUG org.hibernate.type.BasicTypeRegistry ---
				Adding type registration java.sql.Timestamp -> org.hibernate.type.TimestampType@779edace
2020-11-17 11:23:31 [task-1] DEBUG org.hibernate.type.BasicTypeRegistry ---
				Adding type registration java.util.Date -> org.hibernate.type.TimestampType@779edace
2020-11-17 11:23:31 [task-1] DEBUG org.hibernate.type.BasicTypeRegistry ---
				Adding type registration dbtimestamp -> org.hibernate.type.DbTimestampType@7616ac74
2020-11-17 11:23:31 [task-1] DEBUG org.hibernate.type.BasicTypeRegistry ---
				Adding type registration calendar -> org.hibernate.type.CalendarType@7e9c93d3
2020-11-17 11:23:31 [task-1] DEBUG org.hibernate.type.BasicTypeRegistry ---
				Adding type registration java.util.Calendar -> org.hibernate.type.CalendarType@7e9c93d3
2020-11-17 11:23:31 [task-1] DEBUG org.hibernate.type.BasicTypeRegistry ---
				Adding type registration java.util.GregorianCalendar -> org.hibernate.type.CalendarType@7e9c93d3
2020-11-17 11:23:31 [task-1] DEBUG org.hibernate.type.BasicTypeRegistry ---
				Adding type registration calendar_date -> org.hibernate.type.CalendarDateType@62a79ae5
2020-11-17 11:23:31 [task-1] DEBUG org.hibernate.type.BasicTypeRegistry ---
				Adding type registration calendar_time -> org.hibernate.type.CalendarTimeType@472b72f2
2020-11-17 11:23:31 [task-1] DEBUG org.hibernate.type.BasicTypeRegistry ---
				Adding type registration locale -> org.hibernate.type.LocaleType@5c957cca
2020-11-17 11:23:31 [task-1] DEBUG org.hibernate.type.BasicTypeRegistry ---
				Adding type registration java.util.Locale -> org.hibernate.type.LocaleType@5c957cca
2020-11-17 11:23:31 [task-1] DEBUG org.hibernate.type.BasicTypeRegistry ---
				Adding type registration currency -> org.hibernate.type.CurrencyType@677ab9e1
2020-11-17 11:23:31 [task-1] DEBUG org.hibernate.type.BasicTypeRegistry ---
				Adding type registration java.util.Currency -> org.hibernate.type.CurrencyType@677ab9e1
2020-11-17 11:23:31 [task-1] DEBUG org.hibernate.type.BasicTypeRegistry ---
				Adding type registration timezone -> org.hibernate.type.TimeZoneType@7e525f
2020-11-17 11:23:31 [task-1] DEBUG org.hibernate.type.BasicTypeRegistry ---
				Adding type registration java.util.TimeZone -> org.hibernate.type.TimeZoneType@7e525f
2020-11-17 11:23:31 [task-1] DEBUG org.hibernate.type.BasicTypeRegistry ---
				Adding type registration class -> org.hibernate.type.ClassType@7fb4f83
2020-11-17 11:23:31 [task-1] DEBUG org.hibernate.type.BasicTypeRegistry ---
				Adding type registration java.lang.Class -> org.hibernate.type.ClassType@7fb4f83
2020-11-17 11:23:31 [task-1] DEBUG org.hibernate.type.BasicTypeRegistry ---
				Adding type registration uuid-binary -> org.hibernate.type.UUIDBinaryType@58072c73
2020-11-17 11:23:31 [task-1] DEBUG org.hibernate.type.BasicTypeRegistry ---
				Adding type registration java.util.UUID -> org.hibernate.type.UUIDBinaryType@58072c73
2020-11-17 11:23:31 [task-1] DEBUG org.hibernate.type.BasicTypeRegistry ---
				Adding type registration uuid-char -> org.hibernate.type.UUIDCharType@4c840d1f
2020-11-17 11:23:31 [task-1] DEBUG org.hibernate.type.BasicTypeRegistry ---
				Adding type registration binary -> org.hibernate.type.BinaryType@3e083ecf
2020-11-17 11:23:31 [task-1] DEBUG org.hibernate.type.BasicTypeRegistry ---
				Adding type registration byte[] -> org.hibernate.type.BinaryType@3e083ecf
2020-11-17 11:23:31 [task-1] DEBUG org.hibernate.type.BasicTypeRegistry ---
				Adding type registration [B -> org.hibernate.type.BinaryType@3e083ecf
2020-11-17 11:23:31 [task-1] DEBUG org.hibernate.type.BasicTypeRegistry ---
				Adding type registration wrapper-binary -> org.hibernate.type.WrapperBinaryType@628dcbed
2020-11-17 11:23:31 [task-1] DEBUG org.hibernate.type.BasicTypeRegistry ---
				Adding type registration Byte[] -> org.hibernate.type.WrapperBinaryType@628dcbed
2020-11-17 11:23:31 [task-1] DEBUG org.hibernate.type.BasicTypeRegistry ---
				Adding type registration [Ljava.lang.Byte; -> org.hibernate.type.WrapperBinaryType@628dcbed
2020-11-17 11:23:31 [task-1] DEBUG org.hibernate.type.BasicTypeRegistry ---
				Adding type registration row_version -> org.hibernate.type.RowVersionType@10e52b49
2020-11-17 11:23:31 [task-1] DEBUG org.hibernate.type.BasicTypeRegistry ---
				Adding type registration image -> org.hibernate.type.ImageType@2776632
2020-11-17 11:23:31 [task-1] DEBUG org.hibernate.type.BasicTypeRegistry ---
				Adding type registration characters -> org.hibernate.type.CharArrayType@37121799
2020-11-17 11:23:31 [task-1] DEBUG org.hibernate.type.BasicTypeRegistry ---
				Adding type registration char[] -> org.hibernate.type.CharArrayType@37121799
2020-11-17 11:23:31 [task-1] DEBUG org.hibernate.type.BasicTypeRegistry ---
				Adding type registration [C -> org.hibernate.type.CharArrayType@37121799
2020-11-17 11:23:31 [task-1] DEBUG org.hibernate.type.BasicTypeRegistry ---
				Adding type registration wrapper-characters -> org.hibernate.type.CharacterArrayType@69e130d
2020-11-17 11:23:31 [task-1] DEBUG org.hibernate.type.BasicTypeRegistry ---
				Adding type registration [Ljava.lang.Character; -> org.hibernate.type.CharacterArrayType@69e130d
2020-11-17 11:23:31 [task-1] DEBUG org.hibernate.type.BasicTypeRegistry ---
				Adding type registration Character[] -> org.hibernate.type.CharacterArrayType@69e130d
2020-11-17 11:23:31 [task-1] DEBUG org.hibernate.type.BasicTypeRegistry ---
				Adding type registration text -> org.hibernate.type.TextType@44659c8b
2020-11-17 11:23:31 [task-1] DEBUG org.hibernate.type.BasicTypeRegistry ---
				Adding type registration ntext -> org.hibernate.type.NTextType@3419e8a6
2020-11-17 11:23:31 [task-1] DEBUG org.hibernate.type.BasicTypeRegistry ---
				Adding type registration blob -> org.hibernate.type.BlobType@56e506ee
2020-11-17 11:23:31 [task-1] DEBUG org.hibernate.type.BasicTypeRegistry ---
				Adding type registration java.sql.Blob -> org.hibernate.type.BlobType@56e506ee
2020-11-17 11:23:31 [task-1] DEBUG org.hibernate.type.BasicTypeRegistry ---
				Adding type registration materialized_blob -> org.hibernate.type.MaterializedBlobType@5ca2959b
2020-11-17 11:23:31 [task-1] DEBUG org.hibernate.type.BasicTypeRegistry ---
				Adding type registration clob -> org.hibernate.type.ClobType@6167f4cc
2020-11-17 11:23:31 [task-1] DEBUG org.hibernate.type.BasicTypeRegistry ---
				Adding type registration java.sql.Clob -> org.hibernate.type.ClobType@6167f4cc
2020-11-17 11:23:31 [task-1] DEBUG org.hibernate.type.BasicTypeRegistry ---
				Adding type registration nclob -> org.hibernate.type.NClobType@27c6f274
